<?xml version="1.0" encoding="UTF-8"?>
<!-- Generated by org.testng.reporters.JUnitReportReporter -->
<testsuite hostname="DESKTOP-UQQ8N1N" failures="0" tests="3" name="CBPersonalizationSearch" time="18.883" errors="0" timestamp="24 Oct 2019 04:22:15 GMT" skipped="0">
  <testcase classname="CBPersonalizationSearch" name="open" time="9.457"/>
  <testcase classname="CBPersonalizationSearch" name="login" time="6.276"/>
  <testcase classname="CBPersonalizationSearch" name="CbPersonalization" time="3.150"/>
</testsuite> <!-- CBPersonalizationSearch -->
