<?xml version="1.0" encoding="UTF-8"?>
<!-- Generated by org.testng.reporters.JUnitReportReporter -->
<testsuite hostname="DESKTOP-UQQ8N1N" failures="0" tests="3" name="MPersonalization" time="20.506" errors="0" timestamp="23 Oct 2019 12:35:20 GMT" skipped="0">
  <testcase classname="MPersonalization" name="open" time="7.156"/>
  <testcase classname="MPersonalization" name="login" time="6.319"/>
  <testcase classname="MPersonalization" name="Ipersonalization" time="7.031"/>
</testsuite> <!-- MPersonalization -->
