<?xml version="1.0" encoding="UTF-8"?>
<!-- Generated by org.testng.reporters.JUnitReportReporter -->
<testsuite hostname="DESKTOP-UQQ8N1N" failures="0" tests="3" name="CBRecommendationsSearch" time="27.798" errors="0" timestamp="24 Oct 2019 05:24:15 GMT" skipped="0">
  <testcase classname="CBRecommendationsSearch" name="open" time="9.790"/>
  <testcase classname="CBRecommendationsSearch" name="login" time="8.323"/>
  <testcase classname="CBRecommendationsSearch" name="CbRecommendations" time="9.685"/>
</testsuite> <!-- CBRecommendationsSearch -->
