<?xml version="1.0" encoding="UTF-8"?>
<!-- Generated by org.testng.reporters.JUnitReportReporter -->
<testsuite hostname="DESKTOP-UQQ8N1N" failures="0" tests="3" name="CBRecommendations" time="20.313" errors="0" timestamp="21 Oct 2019 04:58:38 GMT" skipped="0">
  <testcase classname="CBRecommendations" name="open" time="5.612"/>
  <testcase classname="CBRecommendations" name="login" time="6.675"/>
  <testcase classname="CBRecommendations" name="CbRecommendations" time="8.026"/>
</testsuite> <!-- CBRecommendations -->
