<?xml version="1.0" encoding="UTF-8"?>
<!-- Generated by org.testng.reporters.JUnitReportReporter -->
<testsuite hostname="DESKTOP-UQQ8N1N" failures="0" tests="3" name="CbPersonalization" time="18.802" errors="0" timestamp="21 Oct 2019 05:21:19 GMT" skipped="0">
  <testcase classname="CbPersonalization" name="open" time="4.707"/>
  <testcase classname="CbPersonalization" name="login" time="5.816"/>
  <testcase classname="CbPersonalization" name="CbPersonalization" time="8.279"/>
</testsuite> <!-- CbPersonalization -->
