<?xml version="1.0" encoding="UTF-8"?>
<!-- Generated by org.testng.reporters.JUnitReportReporter -->
<testsuite hostname="DESKTOP-UQQ8N1N" failures="0" tests="3" name="Ipersonalization" time="23.649" errors="0" timestamp="23 Oct 2019 12:23:18 GMT" skipped="0">
  <testcase classname="Ipersonalization" name="open" time="9.825"/>
  <testcase classname="Ipersonalization" name="login" time="7.174"/>
  <testcase classname="Ipersonalization" name="Ipersonalization" time="6.650"/>
</testsuite> <!-- Ipersonalization -->
