<?xml version="1.0" encoding="UTF-8"?>
<!-- Generated by org.testng.reporters.JUnitReportReporter -->
<testsuite hostname="DESKTOP-UQQ8N1N" failures="0" tests="1" name="MyRecoTest.testrun" time="91.731" errors="0" timestamp="02 Mar 2020 05:47:14 GMT" skipped="0">
  <testcase classname="MyRecoTest.testrun" name="openpage" time="91.731"/>
</testsuite> <!-- MyRecoTest.testrun -->
